[36mvite v5.4.21 [32mbuilding for production...[36m[39m
transforming...
DEPRECATION WARNING [legacy-js-api]: The legacy JS API is deprecated and will be removed in Dart Sass 2.0.0.

More info: https://sass-lang.com/d/legacy-js-api

DEPRECATION WARNING [import]: Sass @import rules are deprecated and will be removed in Dart Sass 3.0.0.

More info and automated migrator: https://sass-lang.com/d/import

  Γò╖
5 Γöé @import 'variables';
  Γöé         ^^^^^^^^^^^
  Γò╡
    resources\sass\app.scss 5:9  root stylesheet

DEPRECATION WARNING [import]: Sass @import rules are deprecated and will be removed in Dart Sass 3.0.0.

More info and automated migrator: https://sass-lang.com/d/import

  Γò╖
8 Γöé @import 'bootstrap/scss/bootstrap';
  Γöé         ^^^^^^^^^^^^^^^^^^^^^^^^^^
  Γò╡
    resources\sass\app.scss 8:9  root stylesheet

[32mΓ£ô[39m 25 modules transformed.
x Build failed in 654ms
error during build:
[vite:css] [postcss] It looks like you're trying to use `tailwindcss` directly as a PostCSS plugin. The PostCSS plugin has moved to a separate package, so to continue using Tailwind CSS with PostCSS you'll need to install `@tailwindcss/postcss` and update your PostCSS configuration.
file: C:\xampp81\htdocs\cms-website\resources\css\ckeditor.css:undefined:NaN
    at at (C:\xampp81\htdocs\cms-website\node_modules\tailwindcss\dist\lib.js:38:1643)
    at LazyResult.runOnRoot (C:\xampp81\htdocs\cms-website\node_modules\postcss\lib\lazy-result.js:361:16)
    at LazyResult.runAsync (C:\xampp81\htdocs\cms-website\node_modules\postcss\lib\lazy-result.js:290:26)
    at LazyResult.async (C:\xampp81\htdocs\cms-website\node_modules\postcss\lib\lazy-result.js:192:30)
    at LazyResult.then (C:\xampp81\htdocs\cms-website\node_modules\postcss\lib\lazy-result.js:436:17)
